2025-09-20T21:04:58.664Z [INFO]: ⏳ Conectando a MongoDB... 
2025-09-20T21:04:59.459Z [INFO]: ✅ Conectado a MongoDB 
2025-09-20T21:04:59.465Z [INFO]: 🚀 Servidor corriendo en http://localhost:3000 
2025-09-20T21:05:13.069Z [INFO]: GET /main.html - IP: ::1 
2025-09-20T21:05:13.277Z [INFO]: GET /css/main.css - IP: ::1 
2025-09-20T21:05:13.289Z [INFO]: GET /images/whatsapp.png - IP: ::1 
2025-09-20T21:05:13.293Z [INFO]: GET /images/TickECO-Photoroom.png - IP: ::1 
2025-09-20T21:05:13.296Z [INFO]: GET /scripts/scripts.js - IP: ::1 
2025-09-20T21:05:13.298Z [INFO]: GET /images/mail.png - IP: ::1 
2025-09-20T21:05:13.300Z [INFO]: GET /js/main.js - IP: ::1 
2025-09-20T21:05:13.302Z [INFO]: GET /scripts/main-extra.js - IP: ::1 
2025-09-20T21:09:42.180Z [INFO]: ⏳ Conectando a MongoDB... 
2025-09-20T21:09:42.952Z [INFO]: ✅ Conectado a MongoDB 
2025-09-20T21:09:42.958Z [INFO]: 🚀 Servidor corriendo en http://localhost:3000 
2025-09-20T21:10:27.786Z [INFO]: ⏳ Conectando a MongoDB... 
2025-09-20T21:10:28.454Z [INFO]: ✅ Conectado a MongoDB 
2025-09-20T21:10:28.460Z [INFO]: 🚀 Servidor corriendo en http://localhost:3000 
2025-09-20T21:10:34.538Z [INFO]: ⏳ Conectando a MongoDB... 
2025-09-20T21:10:35.210Z [INFO]: ✅ Conectado a MongoDB 
2025-09-20T21:10:35.216Z [INFO]: 🚀 Servidor corriendo en http://localhost:3000 
2025-09-20T21:10:39.221Z [INFO]: ⏳ Conectando a MongoDB... 
2025-09-20T21:10:39.852Z [INFO]: ✅ Conectado a MongoDB 
2025-09-20T21:10:39.856Z [INFO]: 🚀 Servidor corriendo en http://localhost:3000 
2025-09-20T21:12:13.881Z [INFO]: ⏳ Conectando a MongoDB... 
2025-09-20T21:12:14.591Z [INFO]: ✅ Conectado a MongoDB 
2025-09-20T21:12:14.596Z [INFO]: 🚀 Servidor corriendo en http://localhost:3000 
2025-09-20T21:13:02.996Z [INFO]: ⏳ Conectando a MongoDB... 
2025-09-20T21:13:03.672Z [INFO]: ✅ Conectado a MongoDB 
2025-09-20T21:13:03.676Z [INFO]: 🚀 Servidor corriendo en http://localhost:3000 
2025-09-20T21:13:07.995Z [INFO]: ⏳ Conectando a MongoDB... 
2025-09-20T21:13:08.747Z [INFO]: ✅ Conectado a MongoDB 
2025-09-20T21:13:08.752Z [INFO]: 🚀 Servidor corriendo en http://localhost:3000 
2025-09-20T21:13:11.914Z [INFO]: ⏳ Conectando a MongoDB... 
2025-09-20T21:13:12.596Z [INFO]: ✅ Conectado a MongoDB 
2025-09-20T21:13:12.599Z [INFO]: 🚀 Servidor corriendo en http://localhost:3000 
2025-09-20T21:13:15.728Z [INFO]: ⏳ Conectando a MongoDB... 
2025-09-20T21:13:16.442Z [INFO]: ✅ Conectado a MongoDB 
2025-09-20T21:13:16.446Z [INFO]: 🚀 Servidor corriendo en http://localhost:3000 
2025-09-20T21:13:18.681Z [INFO]: ⏳ Conectando a MongoDB... 
2025-09-20T21:13:19.395Z [INFO]: ✅ Conectado a MongoDB 
2025-09-20T21:13:19.401Z [INFO]: 🚀 Servidor corriendo en http://localhost:3000 
2025-09-20T21:13:22.528Z [INFO]: ⏳ Conectando a MongoDB... 
2025-09-20T21:13:23.238Z [INFO]: ✅ Conectado a MongoDB 
2025-09-20T21:13:23.244Z [INFO]: 🚀 Servidor corriendo en http://localhost:3000 
2025-09-20T21:13:25.128Z [INFO]: ⏳ Conectando a MongoDB... 
2025-09-20T21:13:26.019Z [INFO]: ✅ Conectado a MongoDB 
2025-09-20T21:13:26.022Z [INFO]: 🚀 Servidor corriendo en http://localhost:3000 
2025-09-20T21:13:28.794Z [INFO]: ⏳ Conectando a MongoDB... 
2025-09-20T21:13:29.616Z [INFO]: ✅ Conectado a MongoDB 
2025-09-20T21:13:29.622Z [INFO]: 🚀 Servidor corriendo en http://localhost:3000 
2025-09-20T21:35:25.665Z [INFO]: ⏳ Conectando a MongoDB... 
2025-09-20T21:35:26.579Z [INFO]: ✅ Conectado a MongoDB 
2025-09-20T21:35:26.584Z [INFO]: 🚀 Servidor corriendo en http://localhost:3000 
2025-09-20T21:38:07.019Z [INFO]: ⏳ Conectando a MongoDB... 
2025-09-20T21:38:07.726Z [INFO]: ✅ Conectado a MongoDB 
2025-09-20T21:38:07.731Z [INFO]: 🚀 Servidor corriendo en http://localhost:3000 
2025-09-20T21:42:25.832Z [INFO]: ⏳ Conectando a MongoDB... 
2025-09-20T21:42:26.546Z [INFO]: ✅ Conectado a MongoDB 
2025-09-20T21:42:26.549Z [INFO]: 🚀 Servidor corriendo en http://localhost:3000 
2025-09-20T21:47:01.487Z [INFO]: ⏳ Conectando a MongoDB... 
2025-09-20T21:47:02.208Z [INFO]: ✅ Conectado a MongoDB 
2025-09-20T21:47:02.211Z [INFO]: 🚀 Servidor corriendo en http://localhost:3000 
2025-09-20T22:15:43.479Z [INFO]: ⏳ Conectando a MongoDB... 
2025-09-20T22:15:44.227Z [INFO]: ✅ Conectado a MongoDB 
2025-09-20T22:15:44.233Z [INFO]: 🚀 Servidor corriendo en http://localhost:3000 
2025-09-20T22:18:17.859Z [INFO]: ⏳ Conectando a MongoDB... 
2025-09-20T22:18:18.557Z [INFO]: ✅ Conectado a MongoDB 
2025-09-20T22:18:18.562Z [INFO]: 🚀 Servidor corriendo en http://localhost:3000 
2025-09-20T22:25:35.825Z [INFO]: GET /PayPal.html - IP: ::1 
2025-09-20T22:25:50.056Z [INFO]: ⏳ Conectando a MongoDB... 
2025-09-20T22:25:50.786Z [INFO]: ✅ Conectado a MongoDB 
2025-09-20T22:25:50.791Z [INFO]: 🚀 Servidor corriendo en http://localhost:3000 
2025-09-20T22:25:56.210Z [INFO]: GET /PayPal.html - IP: ::1 
2025-09-23T21:27:26.069Z [INFO]: ⏳ Conectando a MongoDB... 
2025-09-23T21:27:27.045Z [INFO]: ✅ Conectado a MongoDB 
2025-09-23T21:27:27.050Z [INFO]: 🚀 Servidor corriendo en http://localhost:3000 
2025-09-24T21:33:54.643Z [INFO]: ⏳ Conectando a MongoDB... 
2025-09-24T21:33:55.462Z [INFO]: ✅ Conectado a MongoDB 
2025-09-24T21:33:55.467Z [INFO]: 🚀 Servidor corriendo en http://localhost:3000 
2025-09-24T21:34:10.920Z [INFO]: GET /main - IP: ::1 
2025-09-24T21:34:11.031Z [INFO]: GET /css/main.css - IP: ::1 
2025-09-24T21:34:11.034Z [INFO]: GET /images/TickECO-Photoroom.png - IP: ::1 
2025-09-24T21:34:11.037Z [INFO]: GET /images/whatsapp.png - IP: ::1 
2025-09-24T21:34:11.129Z [INFO]: GET /images/mail.png - IP: ::1 
2025-09-24T21:34:11.132Z [INFO]: GET /scripts/scripts.js - IP: ::1 
2025-09-24T21:34:11.152Z [INFO]: GET /js/main.js - IP: ::1 
2025-09-24T21:34:11.154Z [INFO]: GET /scripts/main-extra.js - IP: ::1 
2025-09-24T21:34:11.728Z [INFO]: ⏳ Conectando a MongoDB... 
2025-09-24T21:34:12.406Z [INFO]: ✅ Conectado a MongoDB 
2025-09-24T21:35:01.479Z [INFO]: GET /main?archivo=CamScanner+07-08-2023+21.16+Copy.pdf - IP: ::1 
2025-09-24T21:35:01.498Z [INFO]: GET /css/main.css - IP: ::1 
2025-09-24T21:35:01.500Z [INFO]: GET /images/TickECO-Photoroom.png - IP: ::1 
2025-09-24T21:35:01.502Z [INFO]: GET /images/whatsapp.png - IP: ::1 
2025-09-24T21:35:01.525Z [INFO]: GET /images/mail.png - IP: ::1 
2025-09-24T21:35:01.527Z [INFO]: GET /scripts/scripts.js - IP: ::1 
2025-09-24T21:35:01.532Z [INFO]: GET /js/main.js - IP: ::1 
2025-09-24T21:35:01.535Z [INFO]: GET /scripts/main-extra.js - IP: ::1 
2025-09-24T21:35:09.974Z [INFO]: GET /main?archivo=291935.pdf - IP: ::1 
2025-09-24T21:35:09.987Z [INFO]: GET /css/main.css - IP: ::1 
2025-09-24T21:35:09.988Z [INFO]: GET /images/whatsapp.png - IP: ::1 
2025-09-24T21:35:09.989Z [INFO]: GET /images/TickECO-Photoroom.png - IP: ::1 
2025-09-24T21:35:10.023Z [INFO]: GET /images/mail.png - IP: ::1 
2025-09-24T21:35:10.025Z [INFO]: GET /scripts/scripts.js - IP: ::1 
2025-09-24T21:35:10.028Z [INFO]: GET /js/main.js - IP: ::1 
2025-09-24T21:35:10.032Z [INFO]: GET /scripts/main-extra.js - IP: ::1 
2025-09-24T21:36:08.084Z [INFO]: ⏳ Conectando a MongoDB... 
2025-09-24T21:36:08.947Z [INFO]: ✅ Conectado a MongoDB 
2025-09-24T21:36:39.860Z [INFO]: GET /main - IP: ::1 
2025-09-24T21:36:39.966Z [INFO]: GET /images/whatsapp.png - IP: ::1 
2025-09-24T21:36:39.967Z [INFO]: GET /css/main.css - IP: ::1 
2025-09-24T21:36:39.970Z [INFO]: GET /images/TickECO-Photoroom.png - IP: ::1 
2025-09-24T21:36:39.985Z [INFO]: GET /images/mail.png - IP: ::1 
2025-09-24T21:36:39.988Z [INFO]: GET /scripts/scripts.js - IP: ::1 
2025-09-24T21:36:39.990Z [INFO]: GET /js/main.js - IP: ::1 
2025-09-24T21:36:39.993Z [INFO]: GET /scripts/main-extra.js - IP: ::1 
2025-09-24T21:36:40.061Z [INFO]: GET /favicon.ico - IP: ::1 
2025-09-24T21:36:40.272Z [INFO]: GET /main - IP: ::1 
2025-09-24T21:36:40.393Z [INFO]: GET /css/main.css - IP: ::1 
2025-09-24T21:36:40.398Z [INFO]: GET /images/TickECO-Photoroom.png - IP: ::1 
2025-09-24T21:36:40.402Z [INFO]: GET /images/whatsapp.png - IP: ::1 
2025-09-24T21:36:40.404Z [INFO]: GET /images/mail.png - IP: ::1 
2025-09-24T21:36:40.408Z [INFO]: GET /scripts/scripts.js - IP: ::1 
2025-09-24T21:36:40.415Z [INFO]: GET /js/main.js - IP: ::1 
2025-09-24T21:36:40.425Z [INFO]: GET /scripts/main-extra.js - IP: ::1 
2025-09-24T21:36:41.403Z [INFO]: GET /main - IP: ::1 
2025-09-24T21:36:41.424Z [INFO]: GET /css/main.css - IP: ::1 
2025-09-24T21:36:41.427Z [INFO]: GET /images/TickECO-Photoroom.png - IP: ::1 
2025-09-24T21:36:41.429Z [INFO]: GET /images/whatsapp.png - IP: ::1 
2025-09-24T21:36:41.435Z [INFO]: GET /images/mail.png - IP: ::1 
2025-09-24T21:36:41.439Z [INFO]: GET /scripts/scripts.js - IP: ::1 
2025-09-24T21:36:41.441Z [INFO]: GET /js/main.js - IP: ::1 
2025-09-24T21:36:41.443Z [INFO]: GET /scripts/main-extra.js - IP: ::1 
2025-09-24T21:37:03.121Z [INFO]: GET /main?archivo=Cargar+ofertas+y+hacer+carteles.docx - IP: ::1 
2025-09-24T21:37:03.146Z [INFO]: GET /css/main.css - IP: ::1 
2025-09-24T21:37:03.152Z [INFO]: GET /images/TickECO-Photoroom.png - IP: ::1 
2025-09-24T21:37:03.156Z [INFO]: GET /images/mail.png - IP: ::1 
2025-09-24T21:37:03.159Z [INFO]: GET /scripts/scripts.js - IP: ::1 
2025-09-24T21:37:03.163Z [INFO]: GET /images/whatsapp.png - IP: ::1 
2025-09-24T21:37:03.168Z [INFO]: GET /js/main.js - IP: ::1 
2025-09-24T21:37:03.174Z [INFO]: GET /scripts/main-extra.js - IP: ::1 
2025-09-24T21:37:36.377Z [INFO]: GET /tickets.html - IP: ::1 
2025-09-24T21:37:36.412Z [INFO]: GET /css/tickets.css - IP: ::1 
2025-09-24T21:37:36.415Z [INFO]: GET /scripts/scripts.js - IP: ::1 
2025-09-24T21:37:36.418Z [INFO]: GET /images/TickECO-Photoroom.png - IP: ::1 
2025-09-24T21:37:43.633Z [INFO]: GET / - IP: ::1 
2025-09-24T21:37:43.656Z [INFO]: GET /css/index.css - IP: ::1 
2025-09-24T21:37:43.659Z [INFO]: GET /js/i18n.js - IP: ::1 
2025-09-24T21:37:43.663Z [INFO]: GET /images/TickECO-Photoroom.png - IP: ::1 
2025-09-24T21:37:43.667Z [INFO]: GET /scripts/scripts.js - IP: ::1 
2025-09-24T21:37:46.104Z [INFO]: GET /login.html - IP: ::1 
2025-09-24T21:37:46.138Z [INFO]: GET /css/login.css - IP: ::1 
2025-09-24T21:37:46.141Z [INFO]: GET /js/login.js - IP: ::1 
2025-09-24T21:37:46.143Z [INFO]: GET /images/TickECO-Photoroom.png - IP: ::1 
2025-09-24T21:37:57.805Z [INFO]: POST /api/usuarios/login - IP: ::1 
2025-09-24T21:38:12.110Z [INFO]: POST /api/usuarios/login - IP: ::1 
2025-09-24T21:38:14.873Z [INFO]: GET / - IP: ::1 
2025-09-24T21:38:14.895Z [INFO]: GET /js/i18n.js - IP: ::1 
2025-09-24T21:38:14.896Z [INFO]: GET /css/index.css - IP: ::1 
2025-09-24T21:38:14.899Z [INFO]: GET /images/TickECO-Photoroom.png - IP: ::1 
2025-09-24T21:38:14.903Z [INFO]: GET /scripts/scripts.js - IP: ::1 
2025-09-24T21:38:26.745Z [INFO]: GET /main - IP: ::1 
2025-09-24T21:38:26.785Z [INFO]: GET /css/main.css - IP: ::1 
2025-09-24T21:38:26.787Z [INFO]: GET /images/TickECO-Photoroom.png - IP: ::1 
2025-09-24T21:38:26.792Z [INFO]: GET /scripts/scripts.js - IP: ::1 
2025-09-24T21:38:26.795Z [INFO]: GET /images/whatsapp.png - IP: ::1 
2025-09-24T21:38:26.796Z [INFO]: GET /images/mail.png - IP: ::1 
2025-09-24T21:38:26.798Z [INFO]: GET /js/main.js - IP: ::1 
2025-09-24T21:38:26.800Z [INFO]: GET /scripts/main-extra.js - IP: ::1 
2025-09-25T00:11:47.782Z [INFO]: ⏳ Conectando a MongoDB... 
2025-09-25T00:11:48.794Z [INFO]: ✅ Conectado a MongoDB 
2025-09-25T00:11:48.801Z [INFO]: 🚀 Servidor corriendo en http://localhost:3000 
2025-09-26T23:15:23.059Z [INFO]: GET / - IP: ::1 
2025-09-26T23:15:23.118Z [INFO]: GET /css/index.css - IP: ::1 
2025-09-26T23:15:23.122Z [INFO]: GET /images/TickECO-Photoroom.png - IP: ::1 
2025-09-26T23:15:23.126Z [INFO]: GET /scripts/scripts.js - IP: ::1 
2025-09-26T23:15:23.131Z [INFO]: GET /js/i18n.js - IP: ::1 
2025-09-26T23:15:30.682Z [INFO]: GET /main - IP: ::1 
2025-09-26T23:15:30.749Z [INFO]: GET /css/main.css - IP: ::1 
2025-09-26T23:15:30.756Z [INFO]: GET /images/TickECO-Photoroom.png - IP: ::1 
2025-09-26T23:15:30.763Z [INFO]: GET /images/whatsapp.png - IP: ::1 
2025-09-26T23:15:30.765Z [INFO]: GET /images/mail.png - IP: ::1 
2025-09-26T23:15:30.767Z [INFO]: GET /scripts/scripts.js - IP: ::1 
2025-09-26T23:15:30.770Z [INFO]: GET /js/main.js - IP: ::1 
2025-09-26T23:15:30.773Z [INFO]: GET /scripts/main-extra.js - IP: ::1 
2025-09-30T22:26:56.192Z [INFO]: GET /main - IP: ::1 
2025-09-30T22:26:56.336Z [INFO]: GET /css/main.css - IP: ::1 
2025-09-30T22:26:56.340Z [INFO]: GET /images/TickECO-Photoroom.png - IP: ::1 
2025-09-30T22:26:56.341Z [INFO]: GET /images/whatsapp.png - IP: ::1 
2025-09-30T22:26:56.343Z [INFO]: GET /scripts/scripts.js - IP: ::1 
2025-09-30T22:26:56.344Z [INFO]: GET /js/main.js - IP: ::1 
2025-09-30T22:26:56.345Z [INFO]: GET /images/mail.png - IP: ::1 
2025-09-30T22:26:56.350Z [INFO]: GET /scripts/main-extra.js - IP: ::1 
2025-09-30T22:27:46.285Z [INFO]: GET /tickets.html - IP: ::1 
2025-09-30T22:27:46.326Z [INFO]: GET /css/tickets.css - IP: ::1 
2025-09-30T22:27:46.330Z [INFO]: GET /scripts/scripts.js - IP: ::1 
2025-09-30T22:27:46.332Z [INFO]: GET /images/TickECO-Photoroom.png - IP: ::1 
2025-09-30T22:27:52.602Z [INFO]: GET / - IP: ::1 
2025-09-30T22:27:52.649Z [INFO]: GET /css/index.css - IP: ::1 
2025-09-30T22:27:52.653Z [INFO]: GET /images/TickECO-Photoroom.png - IP: ::1 
2025-09-30T22:27:52.655Z [INFO]: GET /scripts/scripts.js - IP: ::1 
2025-09-30T22:27:52.657Z [INFO]: GET /js/i18n.js - IP: ::1 
2025-09-30T22:40:41.561Z [INFO]: GET / - IP: ::1 
2025-09-30T22:40:41.635Z [INFO]: GET /css/index.css - IP: ::1 
2025-09-30T22:40:41.638Z [INFO]: GET /images/TickECO-Photoroom.png - IP: ::1 
2025-09-30T22:40:41.639Z [INFO]: GET /js/i18n.js - IP: ::1 
2025-09-30T22:40:41.647Z [INFO]: GET /scripts/scripts.js - IP: ::1 
2025-09-30T22:40:46.862Z [INFO]: GET /main - IP: ::1 
2025-09-30T22:40:46.912Z [INFO]: GET /css/main.css - IP: ::1 
2025-09-30T22:40:46.915Z [INFO]: GET /images/TickECO-Photoroom.png - IP: ::1 
2025-09-30T22:40:46.916Z [INFO]: GET /images/mail.png - IP: ::1 
2025-09-30T22:40:46.919Z [INFO]: GET /scripts/scripts.js - IP: ::1 
2025-09-30T22:40:46.921Z [INFO]: GET /images/whatsapp.png - IP: ::1 
2025-09-30T22:40:46.922Z [INFO]: GET /js/main.js - IP: ::1 
2025-09-30T22:40:46.927Z [INFO]: GET /scripts/main-extra.js - IP: ::1 
2025-10-02T23:18:15.432Z [INFO]: GET / - IP: ::1 
2025-10-02T23:18:15.499Z [INFO]: GET /css/index.css - IP: ::1 
2025-10-02T23:18:15.507Z [INFO]: GET /js/i18n.js - IP: ::1 
2025-10-02T23:18:15.510Z [INFO]: GET /images/TickECO-Photoroom.png - IP: ::1 
2025-10-02T23:18:15.511Z [INFO]: GET /scripts/scripts.js - IP: ::1 
2025-10-02T23:43:29.012Z [INFO]: GET / - IP: ::1 
2025-10-02T23:43:29.102Z [INFO]: GET /css/index.css - IP: ::1 
2025-10-02T23:43:29.104Z [INFO]: GET /images/TickECO-Photoroom.png - IP: ::1 
2025-10-02T23:43:29.105Z [INFO]: GET /js/i18n.js - IP: ::1 
2025-10-02T23:43:29.106Z [INFO]: GET /scripts/scripts.js - IP: ::1 
